Arguments: 
  C:\Program Files\nodejs\node.exe C:\Program Files (x86)\Yarn\bin\yarn.js add moment

PATH: 
  C:\Program Files (x86)\Common Files\NetSarang;C:\Program Files (x86)\Common Files\Intel\Shared Files\cpp\bin\Intel64;C:\ProgramData\Oracle\Java\javapath;C:\Python27\;C:\Python27\Scripts;C:\Program Files\ImageMagick-7.0.1-Q16;C:\Program Files (x86)\Intel\iCLS Client\;C:\Program Files\Intel\iCLS Client\;C:\Windows\system32;C:\Windows;C:\Windows\System32\Wbem;C:\Windows\System32\WindowsPowerShell\v1.0\;C:\Program Files (x86)\NVIDIA Corporation\PhysX\Common;C:\Program Files (x86)\Intel\Intel(R) Management Engine Components\DAL;C:\Program Files\Intel\Intel(R) Management Engine Components\DAL;C:\Program Files (x86)\Intel\Intel(R) Management Engine Components\IPT;C:\Program Files\Intel\Intel(R) Management Engine Components\IPT;C:\Program Files\Git\cmd;C:\Program Files\Git\mingw64\bin;C:\Program Files\Git\usr\bin;C:\Program Files\TortoiseSVN\bin;C:\Users\LISHI\.dnx\bin;C:\Program Files\Microsoft DNX\Dnvm\;C:\Program Files\Microsoft SQL Server\130\Tools\Binn\;C:\Program Files (x86)\MySQL\MySQL Fabric 1.5 & MySQL Utilities 1.5\;C:\Program Files (x86)\MySQL\MySQL Fabric 1.5 & MySQL Utilities 1.5\Doctrine extensions for PHP\;C:\AMPP\php5.6\ext;C:\AMPP\php5.6;C:\Program Files\Intel\WiFi\bin\;C:\Program Files\Common Files\Intel\WirelessCommon\;C:\software\cmder;C:\Program Files\TortoiseGit\bin;C:\ProgramData\chocolatey\bin;C:\Program Files\nodejs\;C:\Program Files (x86)\Yarn\bin;C:\Ruby23-x64\bin;C:\Users\LISHI\AppData\Local\Programs\Python\Python35\Scripts\;C:\Users\LISHI\AppData\Local\Programs\Python\Python35\;C:\Users\LISHI\AppData\Local\Microsoft\WindowsApps;C:\Program Files (x86)\Microsoft VS Code\bin;C:\Program Files\Intel\WiFi\bin\;C:\Program Files\Common Files\Intel\WirelessCommon\;C:\Users\LISHI\AppData\Roaming\npm;C:\Users\LISHI\AppData\Local\Yarn\.bin

Yarn version: 
  0.19.1

Node version: 
  7.4.0

Platform: 
  win32 x64

npm manifest: 
  {
    "name": "server",
    "version": "0.0.0",
    "private": true,
    "scripts": {
      "start": "nodemon ./bin/www",
      "pm2-start": "pm2 start ./bin/www --watch"
    },
    "dependencies": {
      "bluebird": "^3.4.7",
      "body-parser": "~1.15.2",
      "compression": "^1.6.2",
      "cookie-parser": "~1.4.3",
      "cors": "^2.8.1",
      "crypto": "^0.0.3",
      "debug": "~2.2.0",
      "ejs": "~2.5.2",
      "express": "~4.14.0",
      "express-session": "^1.15.0",
      "jwt-simple": "^0.5.1",
      "method-override": "^2.3.7",
      "mongoose": "^4.8.0",
      "morgan": "~1.7.0",
      "passport": "^0.3.2",
      "passport-local": "^1.0.0",
      "qiniu": "^6.1.13",
      "serve-favicon": "~2.3.0"
    }
  }

yarn manifest: 
  No manifest

Lockfile: 
  # THIS IS AN AUTOGENERATED FILE. DO NOT EDIT THIS FILE DIRECTLY.
  # yarn lockfile v1
  
  
  accepts@~1.3.3:
    version "1.3.3"
    resolved "http://r.cnpmjs.org/accepts/download/accepts-1.3.3.tgz#c3ca7434938648c3e0d9c1e328dd68b622c284ca"
    dependencies:
      mime-types "~2.1.11"
      negotiator "0.6.1"
  
  array-flatten@1.1.1:
    version "1.1.1"
    resolved "http://r.cnpmjs.org/array-flatten/download/array-flatten-1.1.1.tgz#9a5f699051b1e7073328f2a008968b64ea2955d2"
  
  asap@~2.0.3:
    version "2.0.5"
    resolved "http://r.cnpmjs.org/asap/download/asap-2.0.5.tgz#522765b50c3510490e52d7dcfe085ef9ba96958f"
  
  async@2.1.4:
    version "2.1.4"
    resolved "http://r.cnpmjs.org/async/download/async-2.1.4.tgz#2d2160c7788032e4dd6cbe2502f1f9a2c8f6cde4"
    dependencies:
      lodash "^4.14.0"
  
  base64-url@1.3.3:
    version "1.3.3"
    resolved "http://r.cnpmjs.org/base64-url/download/base64-url-1.3.3.tgz#f8b6c537f09a4fc58c99cb86e0b0e9c61461a20f"
  
  basic-auth@~1.0.3:
    version "1.0.4"
    resolved "http://r.cnpmjs.org/basic-auth/download/basic-auth-1.0.4.tgz#030935b01de7c9b94a824b29f3fccb750d3a5290"
  
  bluebird@2.10.2:
    version "2.10.2"
    resolved "http://r.cnpmjs.org/bluebird/download/bluebird-2.10.2.tgz#024a5517295308857f14f91f1106fc3b555f446b"
  
  bluebird@^3.4.7:
    version "3.4.7"
    resolved "http://r.cnpmjs.org/bluebird/download/bluebird-3.4.7.tgz#f72d760be09b7f76d08ed8fae98b289a8d05fab3"
  
  body-parser@~1.15.2:
    version "1.15.2"
    resolved "http://r.cnpmjs.org/body-parser/download/body-parser-1.15.2.tgz#d7578cf4f1d11d5f6ea804cef35dc7a7ff6dae67"
    dependencies:
      bytes "2.4.0"
      content-type "~1.0.2"
      debug "~2.2.0"
      depd "~1.1.0"
      http-errors "~1.5.0"
      iconv-lite "0.4.13"
      on-finished "~2.3.0"
      qs "6.2.0"
      raw-body "~2.1.7"
      type-is "~1.6.13"
  
  bson@~1.0.4:
    version "1.0.4"
    resolved "http://r.cnpmjs.org/bson/download/bson-1.0.4.tgz#93c10d39eaa5b58415cbc4052f3e53e562b0b72c"
  
  buffer-concat@0.0.1:
    version "0.0.1"
    resolved "http://r.cnpmjs.org/buffer-concat/download/buffer-concat-0.0.1.tgz#43e1e3c77f3d22fb55bea6890a92d03778c4c10a"
  
  buffer-shims@^1.0.0:
    version "1.0.0"
    resolved "http://r.cnpmjs.org/buffer-shims/download/buffer-shims-1.0.0.tgz#9978ce317388c649ad8793028c3477ef044a8b51"
  
  bytes@2.3.0:
    version "2.3.0"
    resolved "http://r.cnpmjs.org/bytes/download/bytes-2.3.0.tgz#d5b680a165b6201739acb611542aabc2d8ceb070"
  
  bytes@2.4.0:
    version "2.4.0"
    resolved "http://r.cnpmjs.org/bytes/download/bytes-2.4.0.tgz#7d97196f9d5baf7f6935e25985549edd2a6c2339"
  
  caseless@~0.11.0:
    version "0.11.0"
    resolved "http://r.cnpmjs.org/caseless/download/caseless-0.11.0.tgz#715b96ea9841593cc33067923f5ec60ebda4f7d7"
  
  compressible@~2.0.8:
    version "2.0.9"
    resolved "http://r.cnpmjs.org/compressible/download/compressible-2.0.9.tgz#6daab4e2b599c2770dd9e21e7a891b1c5a755425"
    dependencies:
      mime-db ">= 1.24.0 < 2"
  
  compression@^1.6.2:
    version "1.6.2"
    resolved "http://r.cnpmjs.org/compression/download/compression-1.6.2.tgz#cceb121ecc9d09c52d7ad0c3350ea93ddd402bc3"
    dependencies:
      accepts "~1.3.3"
      bytes "2.3.0"
      compressible "~2.0.8"
      debug "~2.2.0"
      on-headers "~1.0.1"
      vary "~1.1.0"
  
  concat-stream@^1.4.6, concat-stream@^1.4.7:
    version "1.6.0"
    resolved "http://r.cnpmjs.org/concat-stream/download/concat-stream-1.6.0.tgz#0aac662fd52be78964d5532f694784e70110acf7"
    dependencies:
      inherits "^2.0.3"
      readable-stream "^2.2.2"
      typedarray "^0.0.6"
  
  content-disposition@0.5.2:
    version "0.5.2"
    resolved "http://r.cnpmjs.org/content-disposition/download/content-disposition-0.5.2.tgz#0cf68bb9ddf5f2be7961c3a85178cb85dba78cb4"
  
  content-type@~1.0.2:
    version "1.0.2"
    resolved "http://r.cnpmjs.org/content-type/download/content-type-1.0.2.tgz#b7d113aee7a8dd27bd21133c4dc2529df1721eed"
  
  cookie-parser@~1.4.3:
    version "1.4.3"
    resolved "http://r.cnpmjs.org/cookie-parser/download/cookie-parser-1.4.3.tgz#0fe31fa19d000b95f4aadf1f53fdc2b8a203baa5"
    dependencies:
      cookie "0.3.1"
      cookie-signature "1.0.6"
  
  cookie-signature@1.0.6:
    version "1.0.6"
    resolved "http://r.cnpmjs.org/cookie-signature/download/cookie-signature-1.0.6.tgz#e303a882b342cc3ee8ca513a79999734dab3ae2c"
  
  cookie@0.3.1:
    version "0.3.1"
    resolved "http://r.cnpmjs.org/cookie/download/cookie-0.3.1.tgz#e7e0a1f9ef43b4c8ba925c5c5a96e806d16873bb"
  
  core-util-is@~1.0.0:
    version "1.0.2"
    resolved "http://r.cnpmjs.org/core-util-is/download/core-util-is-1.0.2.tgz#b5fd54220aa2bc5ab57aab7140c940754503c1a7"
  
  cors@^2.8.1:
    version "2.8.1"
    resolved "http://r.cnpmjs.org/cors/download/cors-2.8.1.tgz#6181aa56abb45a2825be3304703747ae4e9d2383"
    dependencies:
      vary "^1"
  
  crc32@0.2.2:
    version "0.2.2"
    resolved "http://r.cnpmjs.org/crc32/download/crc32-0.2.2.tgz#7ad220d6ffdcd119f9fc127a7772cacea390a4ba"
  
  crc@3.4.4:
    version "3.4.4"
    resolved "http://r.cnpmjs.org/crc/download/crc-3.4.4.tgz#9da1e980e3bd44fc5c93bf5ab3da3378d85e466b"
  
  crypto@^0.0.3:
    version "0.0.3"
    resolved "http://r.cnpmjs.org/crypto/download/crypto-0.0.3.tgz#470a81b86be4c5ee17acc8207a1f5315ae20dbb0"
  
  debug@0.7.2:
    version "0.7.2"
    resolved "http://r.cnpmjs.org/debug/download/debug-0.7.2.tgz#056692c86670977f115de82917918b8e8b9a10f0"
  
  debug@2.2.0, debug@~2.2.0:
    version "2.2.0"
    resolved "http://r.cnpmjs.org/debug/download/debug-2.2.0.tgz#f87057e995b1a1f6ae6a4960664137bc56f039da"
    dependencies:
      ms "0.7.1"
  
  debug@2.3.3:
    version "2.3.3"
    resolved "http://r.cnpmjs.org/debug/download/debug-2.3.3.tgz#40c453e67e6e13c901ddec317af8986cda9eff8c"
    dependencies:
      ms "0.7.2"
  
  debug@2.6.0:
    version "2.6.0"
    resolved "http://r.cnpmjs.org/debug/download/debug-2.6.0.tgz#bc596bcabe7617f11d9fa15361eded5608b8499b"
    dependencies:
      ms "0.7.2"
  
  depd@~1.1.0:
    version "1.1.0"
    resolved "http://r.cnpmjs.org/depd/download/depd-1.1.0.tgz#e1bd82c6aab6ced965b97b88b17ed3e528ca18c3"
  
  destroy@~1.0.4:
    version "1.0.4"
    resolved "http://r.cnpmjs.org/destroy/download/destroy-1.0.4.tgz#978857442c44749e4206613e37946205826abd80"
  
  ee-first@1.1.1:
    version "1.1.1"
    resolved "http://r.cnpmjs.org/ee-first/download/ee-first-1.1.1.tgz#590c61156b0ae2f4f0255732a158b266bc56b21d"
  
  ejs@~2.5.2:
    version "2.5.5"
    resolved "http://r.cnpmjs.org/ejs/download/ejs-2.5.5.tgz#6ef4e954ea7dcf54f66aad2fe7aa421932d9ed77"
  
  encodeurl@~1.0.1:
    version "1.0.1"
    resolved "http://r.cnpmjs.org/encodeurl/download/encodeurl-1.0.1.tgz#79e3d58655346909fe6f0f45a5de68103b294d20"
  
  es6-promise@3.2.1:
    version "3.2.1"
    resolved "http://r.cnpmjs.org/es6-promise/download/es6-promise-3.2.1.tgz#ec56233868032909207170c39448e24449dd1fc4"
  
  escape-html@~1.0.3:
    version "1.0.3"
    resolved "http://r.cnpmjs.org/escape-html/download/escape-html-1.0.3.tgz#0258eae4d3d0c0974de1c169188ef0051d1d1988"
  
  etag@~1.7.0:
    version "1.7.0"
    resolved "http://r.cnpmjs.org/etag/download/etag-1.7.0.tgz#03d30b5f67dd6e632d2945d30d6652731a34d5d8"
  
  express-session@^1.15.0:
    version "1.15.0"
    resolved "http://r.cnpmjs.org/express-session/download/express-session-1.15.0.tgz#67131dd5b78a42bc57b50af0a14880265c03f919"
    dependencies:
      cookie "0.3.1"
      cookie-signature "1.0.6"
      crc "3.4.4"
      debug "2.6.0"
      depd "~1.1.0"
      on-headers "~1.0.1"
      parseurl "~1.3.1"
      uid-safe "~2.1.3"
      utils-merge "1.0.0"
  
  express@~4.14.0:
    version "4.14.1"
    resolved "http://r.cnpmjs.org/express/download/express-4.14.1.tgz#646c237f766f148c2120aff073817b9e4d7e0d33"
    dependencies:
      accepts "~1.3.3"
      array-flatten "1.1.1"
      content-disposition "0.5.2"
      content-type "~1.0.2"
      cookie "0.3.1"
      cookie-signature "1.0.6"
      debug "~2.2.0"
      depd "~1.1.0"
      encodeurl "~1.0.1"
      escape-html "~1.0.3"
      etag "~1.7.0"
      finalhandler "0.5.1"
      fresh "0.3.0"
      merge-descriptors "1.0.1"
      methods "~1.1.2"
      on-finished "~2.3.0"
      parseurl "~1.3.1"
      path-to-regexp "0.1.7"
      proxy-addr "~1.1.3"
      qs "6.2.0"
      range-parser "~1.2.0"
      send "0.14.2"
      serve-static "~1.11.2"
      type-is "~1.6.14"
      utils-merge "1.0.0"
      vary "~1.1.0"
  
  finalhandler@0.5.1:
    version "0.5.1"
    resolved "http://r.cnpmjs.org/finalhandler/download/finalhandler-0.5.1.tgz#2c400d8d4530935bc232549c5fa385ec07de6fcd"
    dependencies:
      debug "~2.2.0"
      escape-html "~1.0.3"
      on-finished "~2.3.0"
      statuses "~1.3.1"
      unpipe "~1.0.0"
  
  formstream@0.0.7:
    version "0.0.7"
    resolved "http://r.cnpmjs.org/formstream/download/formstream-0.0.7.tgz#981d0036743596c54820ee3dfb44baca18349788"
    dependencies:
      buffer-concat "0.0.1"
      mime "1.2.9"
      pause-stream ">=0.0.10"
  
  forwarded@~0.1.0:
    version "0.1.0"
    resolved "http://r.cnpmjs.org/forwarded/download/forwarded-0.1.0.tgz#19ef9874c4ae1c297bcf078fde63a09b66a84363"
  
  fresh@0.3.0:
    version "0.3.0"
    resolved "http://r.cnpmjs.org/fresh/download/fresh-0.3.0.tgz#651f838e22424e7566de161d8358caa199f83d4f"
  
  hooks-fixed@1.2.0:
    version "1.2.0"
    resolved "http://r.cnpmjs.org/hooks-fixed/download/hooks-fixed-1.2.0.tgz#0d2772d4d7d685ff9244724a9f0b5b2559aac96b"
  
  http-basic@^2.5.1:
    version "2.5.1"
    resolved "http://r.cnpmjs.org/http-basic/download/http-basic-2.5.1.tgz#8ce447bdb5b6c577f8a63e3fa78056ec4bb4dbfb"
    dependencies:
      caseless "~0.11.0"
      concat-stream "^1.4.6"
      http-response-object "^1.0.0"
  
  http-errors@~1.5.0, http-errors@~1.5.1:
    version "1.5.1"
    resolved "http://r.cnpmjs.org/http-errors/download/http-errors-1.5.1.tgz#788c0d2c1de2c81b9e6e8c01843b6b97eb920750"
    dependencies:
      inherits "2.0.3"
      setprototypeof "1.0.2"
      statuses ">= 1.3.1 < 2"
  
  http-response-object@^1.0.0, http-response-object@^1.0.1, http-response-object@^1.1.0:
    version "1.1.0"
    resolved "http://r.cnpmjs.org/http-response-object/download/http-response-object-1.1.0.tgz#a7c4e75aae82f3bb4904e4f43f615673b4d518c3"
  
  iconv-lite@0.4.13:
    version "0.4.13"
    resolved "http://r.cnpmjs.org/iconv-lite/download/iconv-lite-0.4.13.tgz#1f88aba4ab0b1508e8312acc39345f36e992e2f2"
  
  inherits@2.0.3, inherits@^2.0.3, inherits@~2.0.1:
    version "2.0.3"
    resolved "http://r.cnpmjs.org/inherits/download/inherits-2.0.3.tgz#633c2c83e3da42a502f52466022480f4208261de"
  
  ipaddr.js@1.2.0:
    version "1.2.0"
    resolved "http://r.cnpmjs.org/ipaddr.js/download/ipaddr.js-1.2.0.tgz#8aba49c9192799585bdd643e0ccb50e8ae777ba4"
  
  isarray@~1.0.0:
    version "1.0.0"
    resolved "http://r.cnpmjs.org/isarray/download/isarray-1.0.0.tgz#bb935d48582cba168c06834957a54a3e07124f11"
  
  jwt-simple@^0.5.1:
    version "0.5.1"
    resolved "http://r.cnpmjs.org/jwt-simple/download/jwt-simple-0.5.1.tgz#79ea01891b61de6b68e13e67c0b4b5bda937b294"
  
  kareem@1.2.0:
    version "1.2.0"
    resolved "http://r.cnpmjs.org/kareem/download/kareem-1.2.0.tgz#59851e833feb1ce6cf60000e0c23acf75c8a3547"
  
  lodash@^4.14.0:
    version "4.17.4"
    resolved "http://r.cnpmjs.org/lodash/download/lodash-4.17.4.tgz#78203a4d1c328ae1d86dca6460e369b57f4055ae"
  
  media-typer@0.3.0:
    version "0.3.0"
    resolved "http://r.cnpmjs.org/media-typer/download/media-typer-0.3.0.tgz#8710d7af0aa626f8fffa1ce00168545263255748"
  
  merge-descriptors@1.0.1:
    version "1.0.1"
    resolved "http://r.cnpmjs.org/merge-descriptors/download/merge-descriptors-1.0.1.tgz#b00aaa556dd8b44568150ec9d1b953f3f90cbb61"
  
  method-override@^2.3.7:
    version "2.3.7"
    resolved "http://r.cnpmjs.org/method-override/download/method-override-2.3.7.tgz#8e1d47ac480fb0cd8777083f11c896901166b2e5"
    dependencies:
      debug "2.3.3"
      methods "~1.1.2"
      parseurl "~1.3.1"
      vary "~1.1.0"
  
  methods@~1.1.2:
    version "1.1.2"
    resolved "http://r.cnpmjs.org/methods/download/methods-1.1.2.tgz#5529a4d67654134edcc5266656835b0f851afcee"
  
  "mime-db@>= 1.24.0 < 2", mime-db@~1.26.0:
    version "1.26.0"
    resolved "http://r.cnpmjs.org/mime-db/download/mime-db-1.26.0.tgz#eaffcd0e4fc6935cf8134da246e2e6c35305adff"
  
  mime-types@~2.1.11, mime-types@~2.1.13:
    version "2.1.14"
    resolved "http://r.cnpmjs.org/mime-types/download/mime-types-2.1.14.tgz#f7ef7d97583fcaf3b7d282b6f8b5679dab1e94ee"
    dependencies:
      mime-db "~1.26.0"
  
  mime@1.2.9:
    version "1.2.9"
    resolved "http://r.cnpmjs.org/mime/download/mime-1.2.9.tgz#009cd40867bd35de521b3b966f04e2f8d4d13d09"
  
  mime@1.3.4:
    version "1.3.4"
    resolved "http://r.cnpmjs.org/mime/download/mime-1.3.4.tgz#115f9e3b6b3daf2959983cb38f149a2d40eb5d53"
  
  mongodb-core@2.1.7:
    version "2.1.7"
    resolved "http://r.cnpmjs.org/mongodb-core/download/mongodb-core-2.1.7.tgz#6a27909b98142ef2508d924c274969008954fa29"
    dependencies:
      bson "~1.0.4"
      require_optional "~1.0.0"
  
  mongodb@2.2.22:
    version "2.2.22"
    resolved "http://r.cnpmjs.org/mongodb/download/mongodb-2.2.22.tgz#d67c588fc08f922db19754b1d2e03e2d7d1319fb"
    dependencies:
      es6-promise "3.2.1"
      mongodb-core "2.1.7"
      readable-stream "2.1.5"
  
  mongoose@^4.8.0:
    version "4.8.0"
    resolved "http://r.cnpmjs.org/mongoose/download/mongoose-4.8.0.tgz#6941807145b49a6d1a06e35e632e3f11f01bccb0"
    dependencies:
      async "2.1.4"
      bson "~1.0.4"
      hooks-fixed "1.2.0"
      kareem "1.2.0"
      mongodb "2.2.22"
      mpath "0.2.1"
      mpromise "0.5.5"
      mquery "2.2.0"
      ms "0.7.2"
      muri "1.2.0"
      regexp-clone "0.0.1"
      sliced "1.0.1"
  
  morgan@~1.7.0:
    version "1.7.0"
    resolved "http://r.cnpmjs.org/morgan/download/morgan-1.7.0.tgz#eb10ca8e50d1abe0f8d3dad5c0201d052d981c62"
    dependencies:
      basic-auth "~1.0.3"
      debug "~2.2.0"
      depd "~1.1.0"
      on-finished "~2.3.0"
      on-headers "~1.0.1"
  
  mpath@0.2.1:
    version "0.2.1"
    resolved "http://r.cnpmjs.org/mpath/download/mpath-0.2.1.tgz#3a4e829359801de96309c27a6b2e102e89f9e96e"
  
  mpromise@0.5.5:
    version "0.5.5"
    resolved "http://r.cnpmjs.org/mpromise/download/mpromise-0.5.5.tgz#f5b24259d763acc2257b0a0c8c6d866fd51732e6"
  
  mquery@2.2.0:
    version "2.2.0"
    resolved "http://r.cnpmjs.org/mquery/download/mquery-2.2.0.tgz#0d3f86ec61520c3c59b39532d9a0f4cce8aa71a6"
    dependencies:
      bluebird "2.10.2"
      debug "2.2.0"
      regexp-clone "0.0.1"
      sliced "0.0.5"
  
  ms@0.7.1:
    version "0.7.1"
    resolved "http://r.cnpmjs.org/ms/download/ms-0.7.1.tgz#9cd13c03adbff25b65effde7ce864ee952017098"
  
  ms@0.7.2:
    version "0.7.2"
    resolved "http://r.cnpmjs.org/ms/download/ms-0.7.2.tgz#ae25cf2512b3885a1d95d7f037868d8431124765"
  
  muri@1.2.0:
    version "1.2.0"
    resolved "http://r.cnpmjs.org/muri/download/muri-1.2.0.tgz#b86383c902920b09ebe62af0e75c94de5f33cd3d"
  
  negotiator@0.6.1:
    version "0.6.1"
    resolved "http://r.cnpmjs.org/negotiator/download/negotiator-0.6.1.tgz#2b327184e8992101177b28563fb5e7102acd0ca9"
  
  on-finished@~2.3.0:
    version "2.3.0"
    resolved "http://r.cnpmjs.org/on-finished/download/on-finished-2.3.0.tgz#20f1336481b083cd75337992a16971aa2d906947"
    dependencies:
      ee-first "1.1.1"
  
  on-headers@~1.0.1:
    version "1.0.1"
    resolved "http://r.cnpmjs.org/on-headers/download/on-headers-1.0.1.tgz#928f5d0f470d49342651ea6794b0857c100693f7"
  
  parseurl@~1.3.1:
    version "1.3.1"
    resolved "http://r.cnpmjs.org/parseurl/download/parseurl-1.3.1.tgz#c8ab8c9223ba34888aa64a297b28853bec18da56"
  
  passport-local@^1.0.0:
    version "1.0.0"
    resolved "http://r.cnpmjs.org/passport-local/download/passport-local-1.0.0.tgz#1fe63268c92e75606626437e3b906662c15ba6ee"
    dependencies:
      passport-strategy "1.x.x"
  
  passport-strategy@1.x.x:
    version "1.0.0"
    resolved "http://r.cnpmjs.org/passport-strategy/download/passport-strategy-1.0.0.tgz#b5539aa8fc225a3d1ad179476ddf236b440f52e4"
  
  passport@^0.3.2:
    version "0.3.2"
    resolved "http://r.cnpmjs.org/passport/download/passport-0.3.2.tgz#9dd009f915e8fe095b0124a01b8f82da07510102"
    dependencies:
      passport-strategy "1.x.x"
      pause "0.0.1"
  
  path-to-regexp@0.1.7:
    version "0.1.7"
    resolved "http://r.cnpmjs.org/path-to-regexp/download/path-to-regexp-0.1.7.tgz#df604178005f522f15eb4490e7247a1bfaa67f8c"
  
  pause-stream@>=0.0.10:
    version "0.0.11"
    resolved "http://r.cnpmjs.org/pause-stream/download/pause-stream-0.0.11.tgz#fe5a34b0cbce12b5aa6a2b403ee2e73b602f1445"
    dependencies:
      through "~2.3"
  
  pause@0.0.1:
    version "0.0.1"
    resolved "http://r.cnpmjs.org/pause/download/pause-0.0.1.tgz#1d408b3fdb76923b9543d96fb4c9dfd535d9cb5d"
  
  process-nextick-args@~1.0.6:
    version "1.0.7"
    resolved "http://r.cnpmjs.org/process-nextick-args/download/process-nextick-args-1.0.7.tgz#150e20b756590ad3f91093f25a4f2ad8bff30ba3"
  
  promise@^7.1.1:
    version "7.1.1"
    resolved "http://r.cnpmjs.org/promise/download/promise-7.1.1.tgz#489654c692616b8aa55b0724fa809bb7db49c5bf"
    dependencies:
      asap "~2.0.3"
  
  proxy-addr@~1.1.3:
    version "1.1.3"
    resolved "http://r.cnpmjs.org/proxy-addr/download/proxy-addr-1.1.3.tgz#dc97502f5722e888467b3fa2297a7b1ff47df074"
    dependencies:
      forwarded "~0.1.0"
      ipaddr.js "1.2.0"
  
  qiniu@^6.1.13:
    version "6.1.13"
    resolved "http://r.cnpmjs.org/qiniu/download/qiniu-6.1.13.tgz#57f5d60974c64d8871d80f27df7d43211ae34f03"
    dependencies:
      crc32 "0.2.2"
      formstream "0.0.7"
      mime "1.2.9"
      sync-request "3.0.1"
      urllib "0.5.1"
  
  qs@6.2.0, qs@^6.1.0:
    version "6.2.0"
    resolved "http://r.cnpmjs.org/qs/download/qs-6.2.0.tgz#3b7848c03c2dece69a9522b0fae8c4126d745f3b"
  
  random-bytes@~1.0.0:
    version "1.0.0"
    resolved "http://r.cnpmjs.org/random-bytes/download/random-bytes-1.0.0.tgz#4f68a1dc0ae58bd3fb95848c30324db75d64360b"
  
  range-parser@~1.2.0:
    version "1.2.0"
    resolved "http://r.cnpmjs.org/range-parser/download/range-parser-1.2.0.tgz#f49be6b487894ddc40dcc94a322f611092e00d5e"
  
  raw-body@~2.1.7:
    version "2.1.7"
    resolved "http://r.cnpmjs.org/raw-body/download/raw-body-2.1.7.tgz#adfeace2e4fb3098058014d08c072dcc59758774"
    dependencies:
      bytes "2.4.0"
      iconv-lite "0.4.13"
      unpipe "1.0.0"
  
  readable-stream@2.1.5:
    version "2.1.5"
    resolved "http://r.cnpmjs.org/readable-stream/download/readable-stream-2.1.5.tgz#66fa8b720e1438b364681f2ad1a63c618448c9d0"
    dependencies:
      buffer-shims "^1.0.0"
      core-util-is "~1.0.0"
      inherits "~2.0.1"
      isarray "~1.0.0"
      process-nextick-args "~1.0.6"
      string_decoder "~0.10.x"
      util-deprecate "~1.0.1"
  
  readable-stream@^2.2.2:
    version "2.2.2"
    resolved "http://r.cnpmjs.org/readable-stream/download/readable-stream-2.2.2.tgz#a9e6fec3c7dda85f8bb1b3ba7028604556fc825e"
    dependencies:
      buffer-shims "^1.0.0"
      core-util-is "~1.0.0"
      inherits "~2.0.1"
      isarray "~1.0.0"
      process-nextick-args "~1.0.6"
      string_decoder "~0.10.x"
      util-deprecate "~1.0.1"
  
  regexp-clone@0.0.1:
    version "0.0.1"
    resolved "http://r.cnpmjs.org/regexp-clone/download/regexp-clone-0.0.1.tgz#a7c2e09891fdbf38fbb10d376fb73003e68ac589"
  
  require_optional@~1.0.0:
    version "1.0.0"
    resolved "http://r.cnpmjs.org/require_optional/download/require_optional-1.0.0.tgz#52a86137a849728eb60a55533617f8f914f59abf"
    dependencies:
      resolve-from "^2.0.0"
      semver "^5.1.0"
  
  resolve-from@^2.0.0:
    version "2.0.0"
    resolved "http://r.cnpmjs.org/resolve-from/download/resolve-from-2.0.0.tgz#9480ab20e94ffa1d9e80a804c7ea147611966b57"
  
  semver@^5.1.0:
    version "5.3.0"
    resolved "http://r.cnpmjs.org/semver/download/semver-5.3.0.tgz#9b2ce5d3de02d17c6012ad326aa6b4d0cf54f94f"
  
  send@0.14.2:
    version "0.14.2"
    resolved "http://r.cnpmjs.org/send/download/send-0.14.2.tgz#39b0438b3f510be5dc6f667a11f71689368cdeef"
    dependencies:
      debug "~2.2.0"
      depd "~1.1.0"
      destroy "~1.0.4"
      encodeurl "~1.0.1"
      escape-html "~1.0.3"
      etag "~1.7.0"
      fresh "0.3.0"
      http-errors "~1.5.1"
      mime "1.3.4"
      ms "0.7.2"
      on-finished "~2.3.0"
      range-parser "~1.2.0"
      statuses "~1.3.1"
  
  serve-favicon@~2.3.0:
    version "2.3.2"
    resolved "http://r.cnpmjs.org/serve-favicon/download/serve-favicon-2.3.2.tgz#dd419e268de012ab72b319d337f2105013f9381f"
    dependencies:
      etag "~1.7.0"
      fresh "0.3.0"
      ms "0.7.2"
      parseurl "~1.3.1"
  
  serve-static@~1.11.2:
    version "1.11.2"
    resolved "http://r.cnpmjs.org/serve-static/download/serve-static-1.11.2.tgz#2cf9889bd4435a320cc36895c9aa57bd662e6ac7"
    dependencies:
      encodeurl "~1.0.1"
      escape-html "~1.0.3"
      parseurl "~1.3.1"
      send "0.14.2"
  
  setprototypeof@1.0.2:
    version "1.0.2"
    resolved "http://r.cnpmjs.org/setprototypeof/download/setprototypeof-1.0.2.tgz#81a552141ec104b88e89ce383103ad5c66564d08"
  
  sliced@0.0.5:
    version "0.0.5"
    resolved "http://r.cnpmjs.org/sliced/download/sliced-0.0.5.tgz#5edc044ca4eb6f7816d50ba2fc63e25d8fe4707f"
  
  sliced@1.0.1:
    version "1.0.1"
    resolved "http://r.cnpmjs.org/sliced/download/sliced-1.0.1.tgz#0b3a662b5d04c3177b1926bea82b03f837a2ef41"
  
  "statuses@>= 1.3.1 < 2", statuses@~1.3.1:
    version "1.3.1"
    resolved "http://r.cnpmjs.org/statuses/download/statuses-1.3.1.tgz#faf51b9eb74aaef3b3acf4ad5f61abf24cb7b93e"
  
  string_decoder@~0.10.x:
    version "0.10.31"
    resolved "http://r.cnpmjs.org/string_decoder/download/string_decoder-0.10.31.tgz#62e203bc41766c6c28c9fc84301dab1c5310fa94"
  
  sync-request@3.0.1:
    version "3.0.1"
    resolved "http://r.cnpmjs.org/sync-request/download/sync-request-3.0.1.tgz#caa1235aaf889ba501076a1834c436830a82fb73"
    dependencies:
      concat-stream "^1.4.7"
      http-response-object "^1.0.1"
      then-request "^2.0.1"
  
  then-request@^2.0.1:
    version "2.2.0"
    resolved "http://r.cnpmjs.org/then-request/download/then-request-2.2.0.tgz#6678b32fa0ca218fe569981bbd8871b594060d81"
    dependencies:
      caseless "~0.11.0"
      concat-stream "^1.4.7"
      http-basic "^2.5.1"
      http-response-object "^1.1.0"
      promise "^7.1.1"
      qs "^6.1.0"
  
  through@~2.3:
    version "2.3.8"
    resolved "http://r.cnpmjs.org/through/download/through-2.3.8.tgz#0dd4c9ffaabc357960b1b724115d7e0e86a2e1f5"
  
  type-is@~1.6.13, type-is@~1.6.14:
    version "1.6.14"
    resolved "http://r.cnpmjs.org/type-is/download/type-is-1.6.14.tgz#e219639c17ded1ca0789092dd54a03826b817cb2"
    dependencies:
      media-typer "0.3.0"
      mime-types "~2.1.13"
  
  typedarray@^0.0.6:
    version "0.0.6"
    resolved "http://r.cnpmjs.org/typedarray/download/typedarray-0.0.6.tgz#867ac74e3864187b1d3d47d996a78ec5c8830777"
  
  uid-safe@~2.1.3:
    version "2.1.3"
    resolved "http://r.cnpmjs.org/uid-safe/download/uid-safe-2.1.3.tgz#077e264a00b3187936b270bb7376a26473631071"
    dependencies:
      base64-url "1.3.3"
      random-bytes "~1.0.0"
  
  unpipe@1.0.0, unpipe@~1.0.0:
    version "1.0.0"
    resolved "http://r.cnpmjs.org/unpipe/download/unpipe-1.0.0.tgz#b2bf4ee8514aae6165b4817829d21b2ef49904ec"
  
  urllib@0.5.1:
    version "0.5.1"
    resolved "http://r.cnpmjs.org/urllib/download/urllib-0.5.1.tgz#9e256b2b703dfe0a59637cb0dbb4308ed571971b"
    dependencies:
      buffer-concat "0.0.1"
      debug "0.7.2"
  
  util-deprecate@~1.0.1:
    version "1.0.2"
    resolved "http://r.cnpmjs.org/util-deprecate/download/util-deprecate-1.0.2.tgz#450d4dc9fa70de732762fbd2d4a28981419a0ccf"
  
  utils-merge@1.0.0:
    version "1.0.0"
    resolved "http://r.cnpmjs.org/utils-merge/download/utils-merge-1.0.0.tgz#0294fb922bb9375153541c4f7096231f287c8af8"
  
  vary@^1, vary@~1.1.0:
    version "1.1.0"
    resolved "http://r.cnpmjs.org/vary/download/vary-1.1.0.tgz#e1e5affbbd16ae768dd2674394b9ad3022653140"

Trace: 
  Error: connect ETIMEDOUT 47.88.240.14:80
      at Object.exports._errnoException (util.js:1022:11)
      at exports._exceptionWithHostPort (util.js:1045:20)
      at TCPConnectWrap.afterConnect [as oncomplete] (net.js:1090:14)
